Base path: 'C:/YTR/Softwares/Unity/2019.4.22f1c1/Editor/Data', plugins path 'C:/YTR/Softwares/Unity/2019.4.22f1c1/Editor/Data/PlaybackEngines'
Cmd: initializeCompiler
Cmd: preprocess
  insize=1422 outsize=434 ok=1
Cmd: preprocess
  insize=1422 outsize=434 ok=1
Cmd: preprocess
  insize=1422 outsize=434 ok=1
Cmd: preprocess
  insize=1422 outsize=434 ok=1
Cmd: preprocess
  insize=1422 outsize=434 ok=1
Cmd: preprocess
  insize=1422 outsize=434 ok=1
Cmd: preprocess
  insize=1422 outsize=434 ok=1
Cmd: compileSnippet
  error: 1 plat 4 at WaterCommon.hlsl(150): 'Sample': implicit truncation of vector type\nCompiling Vertex program with FOG_EXP2 _REFLECTION_CUBEMAP
Platform defines: UNITY_ENABLE_REFLECTION_BUFFERS UNITY_USE_DITHER_MASK_FOR_ALPHABLENDED_SHADOWS UNITY_PBS_USE_BRDF1 UNITY_SPECCUBE_BOX_PROJECTION UNITY_SPECCUBE_BLENDING UNITY_ENABLE_DETAIL_NORMALMAP SHADER_API_DESKTOP UNITY_COLORSPACE_GAMMA UNITY_LIGHT_PROBE_PROXY_VOLUME UNITY_LIGHTMAP_FULL_HDR
  api=4 type=0 insize=1317 outsize=2986 kw=FOG_EXP2 _REFLECTION_CUBEMAP pd=UNITY_ENABLE_REFLECTION_BUFFERS UNITY_USE_DITHER_MASK_FOR_ALPHABLENDED_SHADOWS UNITY_PBS_USE_BRDF1 UNITY_SPECCUBE_BOX_PROJECTION UNITY_SPECCUBE_BLENDING UNITY_ENABLE_DETAIL_NORMALMAP SHADER_API_DESKTOP UNITY_COLORSPACE_GAMMA UNITY_LIGHT_PROBE_PROXY_VOLUME UNITY_LIGHTMAP_FULL_HDR ok=1
Cmd: compileSnippet
  error: 1 plat 4 at WaterCommon.hlsl(150): 'Sample': implicit truncation of vector type\nCompiling Fragment program with FOG_EXP2 _REFLECTION_CUBEMAP
Platform defines: UNITY_ENABLE_REFLECTION_BUFFERS UNITY_USE_DITHER_MASK_FOR_ALPHABLENDED_SHADOWS UNITY_PBS_USE_BRDF1 UNITY_SPECCUBE_BOX_PROJECTION UNITY_SPECCUBE_BLENDING UNITY_ENABLE_DETAIL_NORMALMAP SHADER_API_DESKTOP UNITY_COLORSPACE_GAMMA UNITY_LIGHT_PROBE_PROXY_VOLUME UNITY_LIGHTMAP_FULL_HDR
  api=4 type=1 insize=1317 outsize=522 kw=FOG_EXP2 _REFLECTION_CUBEMAP pd=UNITY_ENABLE_REFLECTION_BUFFERS UNITY_USE_DITHER_MASK_FOR_ALPHABLENDED_SHADOWS UNITY_PBS_USE_BRDF1 UNITY_SPECCUBE_BOX_PROJECTION UNITY_SPECCUBE_BLENDING UNITY_ENABLE_DETAIL_NORMALMAP SHADER_API_DESKTOP UNITY_COLORSPACE_GAMMA UNITY_LIGHT_PROBE_PROXY_VOLUME UNITY_LIGHTMAP_FULL_HDR ok=1
Cmd: preprocess
  insize=1422 outsize=434 ok=1
Cmd: preprocess
  insize=1422 outsize=434 ok=1
Cmd: preprocess
  insize=1422 outsize=434 ok=1
Cmd: preprocess
  insize=1422 outsize=434 ok=1
Cmd: preprocess
  insize=1422 outsize=434 ok=1
Cmd: preprocess
  insize=1422 outsize=434 ok=1
Cmd: preprocess
  insize=1422 outsize=434 ok=1
Cmd: preprocess
  insize=1422 outsize=434 ok=1
Cmd: preprocess
  insize=1422 outsize=434 ok=1
Cmd: preprocess
  insize=1422 outsize=434 ok=1
Cmd: preprocess
  insize=1422 outsize=434 ok=1
Cmd: compileSnippet
  error: 2 plat 4 at Assets/Shaders/WaterCommon.hlsl(109): undeclared identifier '_MaxWaveHeight'\nCompiling Vertex program with _REFLECTION_CUBEMAP
Platform defines: UNITY_ENABLE_REFLECTION_BUFFERS UNITY_USE_DITHER_MASK_FOR_ALPHABLENDED_SHADOWS UNITY_PBS_USE_BRDF1 UNITY_SPECCUBE_BOX_PROJECTION UNITY_SPECCUBE_BLENDING UNITY_ENABLE_DETAIL_NORMALMAP SHADER_API_DESKTOP UNITY_COLORSPACE_GAMMA UNITY_LIGHT_PROBE_PROXY_VOLUME UNITY_LIGHTMAP_FULL_HDR
  api=4 type=0 insize=1317 outsize=0 kw=_REFLECTION_CUBEMAP pd=UNITY_ENABLE_REFLECTION_BUFFERS UNITY_USE_DITHER_MASK_FOR_ALPHABLENDED_SHADOWS UNITY_PBS_USE_BRDF1 UNITY_SPECCUBE_BOX_PROJECTION UNITY_SPECCUBE_BLENDING UNITY_ENABLE_DETAIL_NORMALMAP SHADER_API_DESKTOP UNITY_COLORSPACE_GAMMA UNITY_LIGHT_PROBE_PROXY_VOLUME UNITY_LIGHTMAP_FULL_HDR ok=0
Cmd: compileSnippet
  error: 2 plat 4 at Assets/Shaders/WaterCommon.hlsl(109): undeclared identifier '_MaxWaveHeight'\nCompiling Fragment program with _REFLECTION_CUBEMAP
Platform defines: UNITY_ENABLE_REFLECTION_BUFFERS UNITY_USE_DITHER_MASK_FOR_ALPHABLENDED_SHADOWS UNITY_PBS_USE_BRDF1 UNITY_SPECCUBE_BOX_PROJECTION UNITY_SPECCUBE_BLENDING UNITY_ENABLE_DETAIL_NORMALMAP SHADER_API_DESKTOP UNITY_COLORSPACE_GAMMA UNITY_LIGHT_PROBE_PROXY_VOLUME UNITY_LIGHTMAP_FULL_HDR
  api=4 type=1 insize=1317 outsize=0 kw=_REFLECTION_CUBEMAP pd=UNITY_ENABLE_REFLECTION_BUFFERS UNITY_USE_DITHER_MASK_FOR_ALPHABLENDED_SHADOWS UNITY_PBS_USE_BRDF1 UNITY_SPECCUBE_BOX_PROJECTION UNITY_SPECCUBE_BLENDING UNITY_ENABLE_DETAIL_NORMALMAP SHADER_API_DESKTOP UNITY_COLORSPACE_GAMMA UNITY_LIGHT_PROBE_PROXY_VOLUME UNITY_LIGHTMAP_FULL_HDR ok=0
Cmd: preprocess
  insize=1422 outsize=434 ok=1
Cmd: preprocess
  insize=1422 outsize=434 ok=1
Cmd: compileSnippet
  error: 2 plat 4 at Assets/Shaders/WaterCommon.hlsl(77): undeclared identifier '_MaxDepth'\nCompiling Vertex program with _REFLECTION_CUBEMAP
Platform defines: UNITY_ENABLE_REFLECTION_BUFFERS UNITY_USE_DITHER_MASK_FOR_ALPHABLENDED_SHADOWS UNITY_PBS_USE_BRDF1 UNITY_SPECCUBE_BOX_PROJECTION UNITY_SPECCUBE_BLENDING UNITY_ENABLE_DETAIL_NORMALMAP SHADER_API_DESKTOP UNITY_COLORSPACE_GAMMA UNITY_LIGHT_PROBE_PROXY_VOLUME UNITY_LIGHTMAP_FULL_HDR
  api=4 type=0 insize=1317 outsize=0 kw=_REFLECTION_CUBEMAP pd=UNITY_ENABLE_REFLECTION_BUFFERS UNITY_USE_DITHER_MASK_FOR_ALPHABLENDED_SHADOWS UNITY_PBS_USE_BRDF1 UNITY_SPECCUBE_BOX_PROJECTION UNITY_SPECCUBE_BLENDING UNITY_ENABLE_DETAIL_NORMALMAP SHADER_API_DESKTOP UNITY_COLORSPACE_GAMMA UNITY_LIGHT_PROBE_PROXY_VOLUME UNITY_LIGHTMAP_FULL_HDR ok=0
Cmd: compileSnippet
  error: 2 plat 4 at Assets/Shaders/WaterCommon.hlsl(77): undeclared identifier '_MaxDepth'\nCompiling Fragment program with _REFLECTION_CUBEMAP
Platform defines: UNITY_ENABLE_REFLECTION_BUFFERS UNITY_USE_DITHER_MASK_FOR_ALPHABLENDED_SHADOWS UNITY_PBS_USE_BRDF1 UNITY_SPECCUBE_BOX_PROJECTION UNITY_SPECCUBE_BLENDING UNITY_ENABLE_DETAIL_NORMALMAP SHADER_API_DESKTOP UNITY_COLORSPACE_GAMMA UNITY_LIGHT_PROBE_PROXY_VOLUME UNITY_LIGHTMAP_FULL_HDR
  api=4 type=1 insize=1317 outsize=0 kw=_REFLECTION_CUBEMAP pd=UNITY_ENABLE_REFLECTION_BUFFERS UNITY_USE_DITHER_MASK_FOR_ALPHABLENDED_SHADOWS UNITY_PBS_USE_BRDF1 UNITY_SPECCUBE_BOX_PROJECTION UNITY_SPECCUBE_BLENDING UNITY_ENABLE_DETAIL_NORMALMAP SHADER_API_DESKTOP UNITY_COLORSPACE_GAMMA UNITY_LIGHT_PROBE_PROXY_VOLUME UNITY_LIGHTMAP_FULL_HDR ok=0
Cmd: preprocess
  insize=1422 outsize=434 ok=1
Cmd: preprocess
  insize=1422 outsize=434 ok=1
Cmd: compileSnippet
  error: 2 plat 4 at Assets/Shaders/WaterCommon.hlsl(201): undeclared identifier 'mainLight'\nCompiling Vertex program with _REFLECTION_CUBEMAP
Platform defines: UNITY_ENABLE_REFLECTION_BUFFERS UNITY_USE_DITHER_MASK_FOR_ALPHABLENDED_SHADOWS UNITY_PBS_USE_BRDF1 UNITY_SPECCUBE_BOX_PROJECTION UNITY_SPECCUBE_BLENDING UNITY_ENABLE_DETAIL_NORMALMAP SHADER_API_DESKTOP UNITY_COLORSPACE_GAMMA UNITY_LIGHT_PROBE_PROXY_VOLUME UNITY_LIGHTMAP_FULL_HDR
  api=4 type=0 insize=1317 outsize=0 kw=_REFLECTION_CUBEMAP pd=UNITY_ENABLE_REFLECTION_BUFFERS UNITY_USE_DITHER_MASK_FOR_ALPHABLENDED_SHADOWS UNITY_PBS_USE_BRDF1 UNITY_SPECCUBE_BOX_PROJECTION UNITY_SPECCUBE_BLENDING UNITY_ENABLE_DETAIL_NORMALMAP SHADER_API_DESKTOP UNITY_COLORSPACE_GAMMA UNITY_LIGHT_PROBE_PROXY_VOLUME UNITY_LIGHTMAP_FULL_HDR ok=0
Cmd: compileSnippet
  error: 2 plat 4 at Assets/Shaders/WaterCommon.hlsl(201): undeclared identifier 'mainLight'\nCompiling Fragment program with _REFLECTION_CUBEMAP
Platform defines: UNITY_ENABLE_REFLECTION_BUFFERS UNITY_USE_DITHER_MASK_FOR_ALPHABLENDED_SHADOWS UNITY_PBS_USE_BRDF1 UNITY_SPECCUBE_BOX_PROJECTION UNITY_SPECCUBE_BLENDING UNITY_ENABLE_DETAIL_NORMALMAP SHADER_API_DESKTOP UNITY_COLORSPACE_GAMMA UNITY_LIGHT_PROBE_PROXY_VOLUME UNITY_LIGHTMAP_FULL_HDR
  api=4 type=1 insize=1317 outsize=0 kw=_REFLECTION_CUBEMAP pd=UNITY_ENABLE_REFLECTION_BUFFERS UNITY_USE_DITHER_MASK_FOR_ALPHABLENDED_SHADOWS UNITY_PBS_USE_BRDF1 UNITY_SPECCUBE_BOX_PROJECTION UNITY_SPECCUBE_BLENDING UNITY_ENABLE_DETAIL_NORMALMAP SHADER_API_DESKTOP UNITY_COLORSPACE_GAMMA UNITY_LIGHT_PROBE_PROXY_VOLUME UNITY_LIGHTMAP_FULL_HDR ok=0
Cmd: preprocess
  insize=1422 outsize=434 ok=1
Cmd: preprocess
  insize=1422 outsize=434 ok=1
Cmd: compileSnippet
  error: 2 plat 4 at Assets/Shaders/WaterCommon.hlsl(201): undeclared identifier 'shadow'\nCompiling Vertex program with _REFLECTION_CUBEMAP
Platform defines: UNITY_ENABLE_REFLECTION_BUFFERS UNITY_USE_DITHER_MASK_FOR_ALPHABLENDED_SHADOWS UNITY_PBS_USE_BRDF1 UNITY_SPECCUBE_BOX_PROJECTION UNITY_SPECCUBE_BLENDING UNITY_ENABLE_DETAIL_NORMALMAP SHADER_API_DESKTOP UNITY_COLORSPACE_GAMMA UNITY_LIGHT_PROBE_PROXY_VOLUME UNITY_LIGHTMAP_FULL_HDR
  api=4 type=0 insize=1317 outsize=0 kw=_REFLECTION_CUBEMAP pd=UNITY_ENABLE_REFLECTION_BUFFERS UNITY_USE_DITHER_MASK_FOR_ALPHABLENDED_SHADOWS UNITY_PBS_USE_BRDF1 UNITY_SPECCUBE_BOX_PROJECTION UNITY_SPECCUBE_BLENDING UNITY_ENABLE_DETAIL_NORMALMAP SHADER_API_DESKTOP UNITY_COLORSPACE_GAMMA UNITY_LIGHT_PROBE_PROXY_VOLUME UNITY_LIGHTMAP_FULL_HDR ok=0
Cmd: compileSnippet
  error: 2 plat 4 at Assets/Shaders/WaterCommon.hlsl(201): undeclared identifier 'shadow'\nCompiling Fragment program with _REFLECTION_CUBEMAP
Platform defines: UNITY_ENABLE_REFLECTION_BUFFERS UNITY_USE_DITHER_MASK_FOR_ALPHABLENDED_SHADOWS UNITY_PBS_USE_BRDF1 UNITY_SPECCUBE_BOX_PROJECTION UNITY_SPECCUBE_BLENDING UNITY_ENABLE_DETAIL_NORMALMAP SHADER_API_DESKTOP UNITY_COLORSPACE_GAMMA UNITY_LIGHT_PROBE_PROXY_VOLUME UNITY_LIGHTMAP_FULL_HDR
  api=4 type=1 insize=1317 outsize=0 kw=_REFLECTION_CUBEMAP pd=UNITY_ENABLE_REFLECTION_BUFFERS UNITY_USE_DITHER_MASK_FOR_ALPHABLENDED_SHADOWS UNITY_PBS_USE_BRDF1 UNITY_SPECCUBE_BOX_PROJECTION UNITY_SPECCUBE_BLENDING UNITY_ENABLE_DETAIL_NORMALMAP SHADER_API_DESKTOP UNITY_COLORSPACE_GAMMA UNITY_LIGHT_PROBE_PROXY_VOLUME UNITY_LIGHTMAP_FULL_HDR ok=0
Cmd: preprocess
  insize=1422 outsize=434 ok=1
Cmd: preprocess
  insize=1422 outsize=434 ok=1
Cmd: preprocess
  insize=1422 outsize=434 ok=1
Cmd: preprocess
  insize=1422 outsize=434 ok=1
Cmd: preprocess
  insize=1422 outsize=434 ok=1
Cmd: preprocess
  insize=1422 outsize=434 ok=1
Cmd: preprocess
  insize=1422 outsize=434 ok=1
Cmd: preprocess
  insize=1422 outsize=434 ok=1
Cmd: preprocess
  insize=1422 outsize=434 ok=1
Cmd: preprocess
  insize=1422 outsize=434 ok=1
Cmd: preprocess
  insize=1422 outsize=434 ok=1
Cmd: preprocess
  insize=1422 outsize=434 ok=1
Cmd: preprocess
  insize=1422 outsize=434 ok=1
Cmd: preprocess
  insize=1422 outsize=434 ok=1
Cmd: preprocess
  insize=1422 outsize=434 ok=1
Cmd: preprocess
  insize=1422 outsize=434 ok=1
Cmd: preprocess
  insize=1422 outsize=434 ok=1
Cmd: preprocess
  insize=1422 outsize=434 ok=1
Cmd: preprocess
  insize=1422 outsize=434 ok=1
Cmd: preprocess
  insize=1422 outsize=434 ok=1
Cmd: preprocess
  insize=1422 outsize=434 ok=1
Cmd: preprocess
  insize=1422 outsize=434 ok=1
Cmd: preprocess
  insize=1422 outsize=434 ok=1
Cmd: preprocess
  insize=1422 outsize=434 ok=1
Cmd: preprocess
  insize=1422 outsize=434 ok=1
Cmd: preprocess
  insize=1422 outsize=434 ok=1
Cmd: preprocess
  insize=1422 outsize=434 ok=1
Cmd: preprocess
  insize=1422 outsize=434 ok=1
Cmd: preprocess
  insize=1422 outsize=434 ok=1
Cmd: preprocess
  insize=1422 outsize=434 ok=1
Cmd: preprocess
  insize=1422 outsize=434 ok=1
Cmd: preprocess
  insize=1422 outsize=434 ok=1
Cmd: preprocess
  insize=1422 outsize=434 ok=1
Cmd: preprocess
  insize=1422 outsize=434 ok=1
Cmd: preprocess
  insize=1422 outsize=434 ok=1
Cmd: preprocess
  insize=1422 outsize=434 ok=1
Cmd: preprocess
  insize=1422 outsize=434 ok=1

Quitting shader compiler process
